c:\users\joao_\desktop\git\codeingame\code4life\code4life\debug\vc142.pdb
c:\users\joao_\desktop\git\codeingame\code4life\code4life\debug\vc142.idb
c:\users\joao_\desktop\git\codeingame\code4life\code4life\debug\sample.obj
c:\users\joao_\desktop\git\codeingame\code4life\code4life\debug\robot.obj
c:\users\joao_\desktop\git\codeingame\code4life\code4life\debug\project.obj
c:\users\joao_\desktop\git\codeingame\code4life\code4life\debug\modulesample.obj
c:\users\joao_\desktop\git\codeingame\code4life\code4life\debug\modulelaboratory.obj
c:\users\joao_\desktop\git\codeingame\code4life\code4life\debug\modulediagnosis.obj
c:\users\joao_\desktop\git\codeingame\code4life\code4life\debug\main.obj
c:\users\joao_\desktop\git\codeingame\code4life\code4life\debug\gameworld.obj
c:\users\joao_\desktop\git\codeingame\code4life\code4life\debug\modulemolecules.obj
c:\users\joao_\desktop\git\codeingame\code4life\debug\code4life.exe
c:\users\joao_\desktop\git\codeingame\code4life\debug\code4life.ilk
c:\users\joao_\desktop\git\codeingame\code4life\debug\code4life.pdb
c:\users\joao_\desktop\git\codeingame\code4life\code4life\debug\code4life.tlog\cl.command.1.tlog
c:\users\joao_\desktop\git\codeingame\code4life\code4life\debug\code4life.tlog\cl.read.1.tlog
c:\users\joao_\desktop\git\codeingame\code4life\code4life\debug\code4life.tlog\cl.write.1.tlog
c:\users\joao_\desktop\git\codeingame\code4life\code4life\debug\code4life.tlog\link.command.1.tlog
c:\users\joao_\desktop\git\codeingame\code4life\code4life\debug\code4life.tlog\link.read.1.tlog
c:\users\joao_\desktop\git\codeingame\code4life\code4life\debug\code4life.tlog\link.write.1.tlog
